<?xml version="1.0" encoding="UTF-8"?>
<testsuite xmlns:xsi="http://www.w3.org/2001/XMLSchema-instance" xsi:noNamespaceSchemaLocation="https://maven.apache.org/surefire/maven-surefire-plugin/xsd/surefire-test-report-3.0.xsd" version="3.0" name="HandTest" time="0.085" tests="10" errors="0" skipped="0" failures="0">
  <properties>
[...]
</properties>
  <testcase name="ThreeOfaKindEvaluateHand" classname="HandTest" time="0.004"/>
  <testcase name="FlushEvaluateHand" classname="HandTest" time="0.005"/>
  <testcase name="StraightFlushEvaluateHand" classname="HandTest" time="0.006"/>
  <testcase name="StraightEvaluateHand" classname="HandTest" time="0.005"/>
  <testcase name="FourOfaKindEvaluateHand" classname="HandTest" time="0.001"/>
  <testcase name="FullHouseEvaluateHand" classname="HandTest" time="0.002"/>
  <testcase name="OnePairEvaluateHand" classname="HandTest" time="0.001"/>
  <testcase name="HighCardEvaluateHand" classname="HandTest" time="0.021"/>
  <testcase name="TwoPairEvaluateHand" classname="HandTest" time="0.002"/>
  <testcase name="getHandTest" classname="HandTest" time="0.004"/>
</testsuite>